<?xml version="1.0" encoding="UTF-8"?>
<!-- Generated by org.testng.reporters.JUnitXMLReporter -->
<testsuite ignored="23" hostname="TNL71978120-B" failures="0" tests="1" name="Default test" time="0.125" errors="0" timestamp="2024-07-03T09:33:05 IST">
  <testcase classname="TestDemo.StringClassPractice2" name="uniqueNumberInArray" time="0.018"/>
  <testcase classname="TestDemo.StringClassPractice2" name="occurenceOfEachCharacterUsingMap" time="0.0">
    <ignored/>
  </testcase> <!-- occurenceOfEachCharacterUsingMap -->
  <testcase classname="TestDemo.StringClassPractice2" name="printPrimeNumber" time="0.0">
    <ignored/>
  </testcase> <!-- printPrimeNumber -->
  <testcase classname="TestDemo.StringClassPractice2" name="reversEachewordsInString" time="0.0">
    <ignored/>
  </testcase> <!-- reversEachewordsInString -->
  <testcase classname="TestDemo.StringClassPractice2" name="ocuurenceOfEachWordsInString" time="0.0">
    <ignored/>
  </testcase> <!-- ocuurenceOfEachWordsInString -->
  <testcase classname="TestDemo.StringClassPractice2" name="givenNumberIsHappy" time="0.0">
    <ignored/>
  </testcase> <!-- givenNumberIsHappy -->
  <testcase classname="TestDemo.StringClassPractice2" name="addNumbersInString" time="0.0">
    <ignored/>
  </testcase> <!-- addNumbersInString -->
  <testcase classname="TestDemo.StringClassPractice2" name="swipeTheNumberWithout3Variable" time="0.0">
    <ignored/>
  </testcase> <!-- swipeTheNumberWithout3Variable -->
  <testcase classname="TestDemo.StringClassPractice2" name="minNumberInArray" time="0.0">
    <ignored/>
  </testcase> <!-- minNumberInArray -->
  <testcase classname="TestDemo.StringClassPractice2" name="multiplyNumberString" time="0.0">
    <ignored/>
  </testcase> <!-- multiplyNumberString -->
  <testcase classname="TestDemo.StringClassPractice2" name="ocuurenceOfEachCharacter" time="0.0">
    <ignored/>
  </testcase> <!-- ocuurenceOfEachCharacter -->
  <testcase classname="TestDemo.StringClassPractice2" name="ocuurenceOfEachWordsInStringUsing" time="0.0">
    <ignored/>
  </testcase> <!-- ocuurenceOfEachWordsInStringUsing -->
  <testcase classname="TestDemo.StringClassPractice2" name="segrregateTheString" time="0.0">
    <ignored/>
  </testcase> <!-- segrregateTheString -->
  <testcase classname="TestDemo.StringClassPractice2" name="reverseCharInString" time="0.0">
    <ignored/>
  </testcase> <!-- reverseCharInString -->
  <testcase classname="TestDemo.StringClassPractice2" name="append0sAtLast" time="0.0">
    <ignored/>
  </testcase> <!-- append0sAtLast -->
  <testcase classname="TestDemo.StringClassPractice2" name="checkGivenStringIsAnagram" time="0.0">
    <ignored/>
  </testcase> <!-- checkGivenStringIsAnagram -->
  <testcase classname="TestDemo.StringClassPractice2" name="maxNumberInArray" time="0.0">
    <ignored/>
  </testcase> <!-- maxNumberInArray -->
  <testcase classname="TestDemo.StringClassPractice2" name="CheckNumberIsPallindrome" time="0.0">
    <ignored/>
  </testcase> <!-- CheckNumberIsPallindrome -->
  <testcase classname="TestDemo.StringClassPractice2" name="fibnossiSeries" time="0.0">
    <ignored/>
  </testcase> <!-- fibnossiSeries -->
  <testcase classname="TestDemo.StringClassPractice2" name="findMaxNumberInArray" time="0.0">
    <ignored/>
  </testcase> <!-- findMaxNumberInArray -->
  <testcase classname="TestDemo.StringClassPractice2" name="swipeTheNumberWith3rdVariable" time="0.0">
    <ignored/>
  </testcase> <!-- swipeTheNumberWith3rdVariable -->
  <testcase classname="TestDemo.StringClassPractice2" name="append0sAtFirst" time="0.0">
    <ignored/>
  </testcase> <!-- append0sAtFirst -->
  <testcase classname="TestDemo.StringClassPractice2" name="factorialOfNumber" time="0.0">
    <ignored/>
  </testcase> <!-- factorialOfNumber -->
  <testcase classname="TestDemo.StringClassPractice2" name="reversewordsInString" time="0.0">
    <ignored/>
  </testcase> <!-- reversewordsInString -->
</testsuite> <!-- Default test -->
