<?xml version="1.0" encoding="UTF-8"?>
<!-- Generated by org.testng.reporters.JUnitXMLReporter -->
<testsuite ignored="2" hostname="TNL71978120-B" failures="0" tests="5" name="TestRunner-1" time="30.36" errors="0" timestamp="2023-08-08T11:42:39 IST">
  <testcase classname="practiseTestNG.BatcCreateIndividual" name="createIndividual" time="0.002"/>
  <testcase classname="practiseTestNG.BatcCreateIndividual" name="modifyIndividual" time="0.003"/>
  <testcase classname="practiseTestNG.BatcCreateAppartment" name="createAppartment" time="0.006"/>
  <testcase classname="practiseTestNG.BatcCreateAppartment" name="deleteAppartment" time="0.002"/>
  <testcase classname="practiseTestNG.BatcCreateAppartment" name="modifyAppartment" time="0.003"/>
  <testcase classname="com.hra.GenericUtility.BaseClass" name="@BeforeSuite connectToDataBase" time="0.0">
    <ignored/>
  </testcase> <!-- @BeforeSuite connectToDataBase -->
  <testcase classname="com.hra.GenericUtility.BaseClass" name="@AfterSuite closeDataBase" time="0.0">
    <ignored/>
  </testcase> <!-- @AfterSuite closeDataBase -->
</testsuite> <!-- TestRunner-1 -->
