<?xml version="1.0" encoding="UTF-8"?>
<!-- Generated by org.testng.reporters.JUnitXMLReporter -->
<testsuite ignored="0" hostname="TNL71978120-B" failures="0" tests="4" name="TestRunner=2" time="17.145" errors="0" timestamp="2023-08-07T17:00:00 IST">
  <testcase classname="practiseTestNG.GroupCreateIndividual" name="createIndividual" time="0.003"/>
  <testcase classname="practiseTestNG.GroupCreateIndividual" name="modifyIndividual" time="0.0">
    <skipped/>
  </testcase> <!-- modifyIndividual -->
  <testcase classname="practiseTestNG.GroupCreateAppartment" name="createAppartment" time="0.005"/>
  <testcase classname="practiseTestNG.GroupCreateAppartment" name="modifyAppartment" time="0.001">
    <skipped/>
  </testcase> <!-- modifyAppartment -->
</testsuite> <!-- TestRunner=2 -->
