<?xml version="1.0" encoding="UTF-8"?>
<!-- Generated by org.testng.reporters.JUnitXMLReporter -->
<testsuite ignored="2" hostname="TNL71978120-B" failures="0" tests="4" name="TestRunner-2" time="28.221" errors="0" timestamp="2023-08-08T11:42:37 IST">
  <testcase classname="practiseTestNG.GroupCreateIndividual" name="createIndividual" time="0.02"/>
  <testcase classname="practiseTestNG.GroupCreateIndividual" name="modifyIndividual" time="0.003"/>
  <testcase classname="practiseTestNG.GroupCreateAppartment" name="createAppartment" time="0.003"/>
  <testcase classname="practiseTestNG.GroupCreateAppartment" name="modifyAppartment" time="0.005"/>
  <testcase classname="com.hra.GenericUtility.BaseClass" name="@BeforeSuite connectToDataBase" time="0.0">
    <ignored/>
  </testcase> <!-- @BeforeSuite connectToDataBase -->
  <testcase classname="com.hra.GenericUtility.BaseClass" name="@AfterSuite closeDataBase" time="0.0">
    <ignored/>
  </testcase> <!-- @AfterSuite closeDataBase -->
</testsuite> <!-- TestRunner-2 -->
