<?xml version="1.0" encoding="UTF-8"?>
<testng-results ignored="0" total="1" passed="1" failed="0" skipped="0">
  <reporter-output>
  </reporter-output>
  <suite started-at="2024-07-03T09:33:05 IST" name="Default suite" finished-at="2024-07-03T09:33:05 IST" duration-ms="125">
    <groups>
    </groups>
    <test started-at="2024-07-03T09:33:05 IST" name="Default test" finished-at="2024-07-03T09:33:05 IST" duration-ms="125">
      <class name="TestDemo.StringClassPractice2">
        <test-method signature="uniqueNumberInArray()[pri:0, instance:TestDemo.StringClassPractice2@223d2c72]" started-at="2024-07-03T09:33:05 IST" name="uniqueNumberInArray" finished-at="2024-07-03T09:33:05 IST" duration-ms="18" status="PASS">
          <reporter-output>
          </reporter-output>
        </test-method> <!-- uniqueNumberInArray -->
      </class> <!-- TestDemo.StringClassPractice2 -->
    </test> <!-- Default test -->
  </suite> <!-- Default suite -->
</testng-results>
